[debug] [2022-09-09T04:52:46.931Z] ----------------------------------------------------------------------
[debug] [2022-09-09T04:52:46.933Z] Command:       C:\Program Files\nodejs\node.exe C:\Users\USER\AppData\Roaming\npm\node_modules\firebase-tools\lib\bin\firebase.js deploy
[debug] [2022-09-09T04:52:46.933Z] CLI Version:   11.8.1
[debug] [2022-09-09T04:52:46.933Z] Platform:      win32
[debug] [2022-09-09T04:52:46.934Z] Node Version:  v16.17.0
[debug] [2022-09-09T04:52:46.934Z] Time:          Fri Sep 09 2022 10:52:46 GMT+0600 (Bangladesh Standard Time)
[debug] [2022-09-09T04:52:46.934Z] ----------------------------------------------------------------------
[debug] 
[debug] [2022-09-09T04:52:46.984Z] > command requires scopes: ["email","openid","https://www.googleapis.com/auth/cloudplatformprojects.readonly","https://www.googleapis.com/auth/firebase","https://www.googleapis.com/auth/cloud-platform"]
[debug] [2022-09-09T04:52:46.985Z] > authorizing via signed-in user (masudctg00@gmail.com)
[debug] [2022-09-09T04:52:46.985Z] [iam] checking project techbook-44fbb for permissions ["firebase.projects.get","firebasehosting.sites.update"]
[debug] [2022-09-09T04:52:46.986Z] >>> [apiv2][query] POST https://cloudresourcemanager.googleapis.com/v1/projects/techbook-44fbb:testIamPermissions [none]
[debug] [2022-09-09T04:52:46.987Z] >>> [apiv2][(partial)header] POST https://cloudresourcemanager.googleapis.com/v1/projects/techbook-44fbb:testIamPermissions x-goog-quota-user=projects/techbook-44fbb
[debug] [2022-09-09T04:52:46.987Z] >>> [apiv2][body] POST https://cloudresourcemanager.googleapis.com/v1/projects/techbook-44fbb:testIamPermissions {"permissions":["firebase.projects.get","firebasehosting.sites.update"]}
[debug] [2022-09-09T04:52:48.369Z] <<< [apiv2][status] POST https://cloudresourcemanager.googleapis.com/v1/projects/techbook-44fbb:testIamPermissions 200
[debug] [2022-09-09T04:52:48.370Z] <<< [apiv2][body] POST https://cloudresourcemanager.googleapis.com/v1/projects/techbook-44fbb:testIamPermissions {"permissions":["firebase.projects.get","firebasehosting.sites.update"]}
[debug] [2022-09-09T04:52:48.370Z] >>> [apiv2][query] GET https://firebase.googleapis.com/v1beta1/projects/techbook-44fbb [none]
[debug] [2022-09-09T04:52:48.920Z] <<< [apiv2][status] GET https://firebase.googleapis.com/v1beta1/projects/techbook-44fbb 200
[debug] [2022-09-09T04:52:48.921Z] <<< [apiv2][body] GET https://firebase.googleapis.com/v1beta1/projects/techbook-44fbb {"projectId":"techbook-44fbb","projectNumber":"752544587238","displayName":"TechBook","name":"projects/techbook-44fbb","resources":{"hostingSite":"techbook-44fbb"},"state":"ACTIVE","etag":"1_67cd1f01-d5e7-4775-93f6-f88fcd772256"}
[info] 
[info] === Deploying to 'techbook-44fbb'...
[info] 
[info] i  deploying hosting 
[debug] [2022-09-09T04:52:48.924Z] >>> [apiv2][query] GET https://firebase.googleapis.com/v1beta1/projects/techbook-44fbb [none]
[debug] [2022-09-09T04:52:49.183Z] Failed to make request to https://firebase.googleapis.com/v1beta1/projects/techbook-44fbb
[debug] [2022-09-09T04:52:50.236Z] FirebaseError: Failed to make request to https://firebase.googleapis.com/v1beta1/projects/techbook-44fbb
    at RetryOperation._fn (C:\Users\USER\AppData\Roaming\npm\node_modules\firebase-tools\lib\apiv2.js:242:31)
    at processTicksAndRejections (node:internal/process/task_queues:96:5)
[error] 
[error] Error: Failed to get Firebase project techbook-44fbb. Please make sure the project exists and your account has permission to access it.
